  main.cpp
C:\Users\shouj\Desktop\Project2\Project2\main.cpp(209,65): error C2664: 'int DxLib::DrawFormatString(int,int,unsigned int,const TCHAR *,...)': 引数 4 を 'const char [15]' から 'const TCHAR *' へ変換できません。
C:\Users\shouj\Desktop\Project2\Project2\main.cpp(209,36): message : 指示された型は関連がありません。変換には reinterpret_cast、C スタイル キャストまたは関数スタイルのキャストが必要です。
C:\DxLib\DxLib.h(3576,14): message : 'DxLib::DrawFormatString' の宣言を確認してください
C:\Users\shouj\Desktop\Project2\Project2\main.cpp(213,52): error C2664: 'int DxLib::DrawString(int,int,const TCHAR *,unsigned int,unsigned int)': 引数 3 を 'const char [16]' から 'const TCHAR *' へ変換できません。
C:\Users\shouj\Desktop\Project2\Project2\main.cpp(213,25): message : 指示された型は関連がありません。変換には reinterpret_cast、C スタイル キャストまたは関数スタイルのキャストが必要です。
C:\DxLib\DxLib.h(3572,14): message : 'DxLib::DrawString' の宣言を確認してください
C:\Users\shouj\Desktop\Project2\Project2\main.cpp(246,64): error C2664: 'int DxLib::DrawFormatString(int,int,unsigned int,const TCHAR *,...)': 引数 4 を 'const char [15]' から 'const TCHAR *' へ変換できません。
C:\Users\shouj\Desktop\Project2\Project2\main.cpp(246,35): message : 指示された型は関連がありません。変換には reinterpret_cast、C スタイル キャストまたは関数スタイルのキャストが必要です。
C:\DxLib\DxLib.h(3576,14): message : 'DxLib::DrawFormatString' の宣言を確認してください
C:\Users\shouj\Desktop\Project2\Project2\main.cpp(250,51): error C2664: 'int DxLib::DrawString(int,int,const TCHAR *,unsigned int,unsigned int)': 引数 3 を 'const char [16]' から 'const TCHAR *' へ変換できません。
C:\Users\shouj\Desktop\Project2\Project2\main.cpp(250,24): message : 指示された型は関連がありません。変換には reinterpret_cast、C スタイル キャストまたは関数スタイルのキャストが必要です。
C:\DxLib\DxLib.h(3572,14): message : 'DxLib::DrawString' の宣言を確認してください
C:\Users\shouj\Desktop\Project2\Project2\main.cpp(537,71): error C2664: 'int DxLib::DrawString(int,int,const TCHAR *,unsigned int,unsigned int)': 引数 3 を 'const char [8]' から 'const TCHAR *' へ変換できません。
C:\Users\shouj\Desktop\Project2\Project2\main.cpp(537,53): message : 指示された型は関連がありません。変換には reinterpret_cast、C スタイル キャストまたは関数スタイルのキャストが必要です。
C:\DxLib\DxLib.h(3572,14): message : 'DxLib::DrawString' の宣言を確認してください
C:\Users\shouj\Desktop\Project2\Project2\main.cpp(538,74): error C2664: 'int DxLib::DrawString(int,int,const TCHAR *,unsigned int,unsigned int)': 引数 3 を 'const char [10]' から 'const TCHAR *' へ変換できません。
C:\Users\shouj\Desktop\Project2\Project2\main.cpp(538,53): message : 指示された型は関連がありません。変換には reinterpret_cast、C スタイル キャストまたは関数スタイルのキャストが必要です。
C:\DxLib\DxLib.h(3572,14): message : 'DxLib::DrawString' の宣言を確認してください
C:\Users\shouj\Desktop\Project2\Project2\main.cpp(539,105): error C2664: 'int DxLib::DrawFormatString(int,int,unsigned int,const TCHAR *,...)': 引数 4 を 'const char [3]' から 'const TCHAR *' へ変換できません。
C:\Users\shouj\Desktop\Project2\Project2\main.cpp(539,92): message : 指示された型は関連がありません。変換には reinterpret_cast、C スタイル キャストまたは関数スタイルのキャストが必要です。
C:\DxLib\DxLib.h(3576,14): message : 'DxLib::DrawFormatString' の宣言を確認してください
C:\Users\shouj\Desktop\Project2\Project2\main.cpp(540,54): error C2664: 'int DxLib::GetDrawFormatStringWidth(const TCHAR *,...)': 引数 1 を 'const char [3]' から 'const TCHAR *' へ変換できません。
C:\Users\shouj\Desktop\Project2\Project2\main.cpp(540,41): message : 指示された型は関連がありません。変換には reinterpret_cast、C スタイル キャストまたは関数スタイルのキャストが必要です。
C:\DxLib\DxLib.h(3492,14): message : 'DxLib::GetDrawFormatStringWidth' の宣言を確認してください
C:\Users\shouj\Desktop\Project2\Project2\main.cpp(543,70): error C2664: 'int DxLib::DrawString(int,int,const TCHAR *,unsigned int,unsigned int)': 引数 3 を 'const char [6]' から 'const TCHAR *' へ変換できません。
C:\Users\shouj\Desktop\Project2\Project2\main.cpp(543,53): message : 指示された型は関連がありません。変換には reinterpret_cast、C スタイル キャストまたは関数スタイルのキャストが必要です。
C:\DxLib\DxLib.h(3572,14): message : 'DxLib::DrawString' の宣言を確認してください
C:\Users\shouj\Desktop\Project2\Project2\main.cpp(544,103): error C2664: 'int DxLib::DrawFormatString(int,int,unsigned int,const TCHAR *,...)': 引数 4 を 'const char [3]' から 'const TCHAR *' へ変換できません。
C:\Users\shouj\Desktop\Project2\Project2\main.cpp(544,93): message : 指示された型は関連がありません。変換には reinterpret_cast、C スタイル キャストまたは関数スタイルのキャストが必要です。
C:\DxLib\DxLib.h(3576,14): message : 'DxLib::DrawFormatString' の宣言を確認してください
C:\Users\shouj\Desktop\Project2\Project2\main.cpp(547,94): error C2664: 'int DxLib::DrawFormatString(int,int,unsigned int,const TCHAR *,...)': 引数 4 を 'const char [9]' から 'const TCHAR *' へ変換できません。
C:\Users\shouj\Desktop\Project2\Project2\main.cpp(547,69): message : 指示された型は関連がありません。変換には reinterpret_cast、C スタイル キャストまたは関数スタイルのキャストが必要です。
C:\DxLib\DxLib.h(3576,14): message : 'DxLib::DrawFormatString' の宣言を確認してください
C:\Users\shouj\Desktop\Project2\Project2\main.cpp(548,51): error C2664: 'int DxLib::GetDrawFormatStringWidth(const TCHAR *,...)': 引数 1 を 'const char [3]' から 'const TCHAR *' へ変換できません。
C:\Users\shouj\Desktop\Project2\Project2\main.cpp(548,41): message : 指示された型は関連がありません。変換には reinterpret_cast、C スタイル キャストまたは関数スタイルのキャストが必要です。
C:\DxLib\DxLib.h(3492,14): message : 'DxLib::GetDrawFormatStringWidth' の宣言を確認してください
C:\Users\shouj\Desktop\Project2\Project2\main.cpp(549,91): error C2664: 'int DxLib::DrawFormatString(int,int,unsigned int,const TCHAR *,...)': 引数 4 を 'const char [24]' から 'const TCHAR *' へ変換できません。
C:\Users\shouj\Desktop\Project2\Project2\main.cpp(549,34): message : 指示された型は関連がありません。変換には reinterpret_cast、C スタイル キャストまたは関数スタイルのキャストが必要です。
C:\DxLib\DxLib.h(3576,14): message : 'DxLib::DrawFormatString' の宣言を確認してください
C:\Users\shouj\Desktop\Project2\Project2\main.cpp(564,46): error C2665: 'SetWindowTextW': 2 オーバーロードのどれも、すべての引数の型を変換できませんでした
C:\DxLib\DxFunctionWin.h(72,14): message : 'int DxLib::SetWindowTextW(const TCHAR *)' の可能性があります
C:\Users\shouj\Desktop\Project2\Project2\main.cpp(564,46): message : 引数リスト '(const char [23])' を一致させようとしているとき
C:\Users\shouj\Desktop\Project2\Project2\main.cpp(569,12): warning C4305: 'return': 'int' から 'bool' へ切り詰めます。
C:\Users\shouj\Desktop\Project2\Project2\main.cpp(577,42): error C2664: 'int DxLib::LoadGraph(const TCHAR *,int)': 引数 1 を 'const char [16]' から 'const TCHAR *' へ変換できません。
C:\Users\shouj\Desktop\Project2\Project2\main.cpp(577,25): message : 指示された型は関連がありません。変換には reinterpret_cast、C スタイル キャストまたは関数スタイルのキャストが必要です。
C:\DxLib\DxLib.h(2526,14): message : 'DxLib::LoadGraph' の宣言を確認してください
C:\Users\shouj\Desktop\Project2\Project2\main.cpp(583,42): error C2664: 'int DxLib::LoadGraph(const TCHAR *,int)': 引数 1 を 'const char [16]' から 'const TCHAR *' へ変換できません。
C:\Users\shouj\Desktop\Project2\Project2\main.cpp(583,25): message : 指示された型は関連がありません。変換には reinterpret_cast、C スタイル キャストまたは関数スタイルのキャストが必要です。
C:\DxLib\DxLib.h(2526,14): message : 'DxLib::LoadGraph' の宣言を確認してください
C:\Users\shouj\Desktop\Project2\Project2\main.cpp(590,5): error C2664: 'int DxLib::LoadDivGraph(const TCHAR *,int,int,int,int,int,int *,int)': 引数 1 を 'const char [22]' から 'const TCHAR *' へ変換できません。
C:\Users\shouj\Desktop\Project2\Project2\main.cpp(590,19): message : 指示された型は関連がありません。変換には reinterpret_cast、C スタイル キャストまたは関数スタイルのキャストが必要です。
C:\DxLib\DxLib.h(2530,14): message : 'DxLib::LoadDivGraph' の宣言を確認してください
C:\Users\shouj\Desktop\Project2\Project2\main.cpp(607,48): error C2664: 'int DxLib::LoadGraph(const TCHAR *,int)': 引数 1 を 'const char [19]' から 'const TCHAR *' へ変換できません。
C:\Users\shouj\Desktop\Project2\Project2\main.cpp(607,28): message : 指示された型は関連がありません。変換には reinterpret_cast、C スタイル キャストまたは関数スタイルのキャストが必要です。
C:\DxLib\DxLib.h(2526,14): message : 'DxLib::LoadGraph' の宣言を確認してください
C:\Users\shouj\Desktop\Project2\Project2\main.cpp(614,47): error C2664: 'int DxLib::LoadGraph(const TCHAR *,int)': 引数 1 を 'const char [21]' から 'const TCHAR *' へ変換できません。
C:\Users\shouj\Desktop\Project2\Project2\main.cpp(614,25): message : 指示された型は関連がありません。変換には reinterpret_cast、C スタイル キャストまたは関数スタイルのキャストが必要です。
C:\DxLib\DxLib.h(2526,14): message : 'DxLib::LoadGraph' の宣言を確認してください
C:\Users\shouj\Desktop\Project2\Project2\main.cpp(623,6): error C2664: 'int DxLib::LoadDivGraph(const TCHAR *,int,int,int,int,int,int *,int)': 引数 1 を 'const char *' から 'const TCHAR *' へ変換できません。
C:\Users\shouj\Desktop\Project2\Project2\main.cpp(623,35): message : 指示された型は関連がありません。変換には reinterpret_cast、C スタイル キャストまたは関数スタイルのキャストが必要です。
C:\DxLib\DxLib.h(2530,14): message : 'DxLib::LoadDivGraph' の宣言を確認してください
  _DebugConOut.cpp
  _DebugDispOut.cpp
C:\Users\shouj\Desktop\Project2\Project2\_debug\_DebugDispOut.cpp(3,10): fatal error C1083: include ファイルを開けません。'DxLib.h':No such file or directory
  コードを生成中...
